2021-11-09 19:09:28.826580 (MainThread): Running with dbt=0.21.0
2021-11-09 19:09:29.866580 (MainThread): running dbt with arguments Namespace(cls=<class 'dbt.task.run.RunTask'>, debug=False, defer=None, exclude=None, fail_fast=False, full_refresh=False, log_cache_events=False, log_format='default', partial_parse=None, profile=None, profiles_dir='C:\\Users\\bm30588\\.dbt', project_dir=None, record_timing_info=None, rpc_method='run', select=None, selector_name=None, single_threaded=False, state=None, strict=False, target=None, test_new_parser=False, threads=None, use_cache=True, use_colors=None, use_experimental_parser=False, vars='{}', version_check=True, warn_error=False, which='run', write_json=True)
2021-11-09 19:09:29.876580 (MainThread): Tracking: tracking
2021-11-09 19:09:29.877580 (MainThread): Sending event: {'category': 'dbt', 'action': 'invocation', 'label': 'start', 'context': [<snowplow_tracker.self_describing_json.SelfDescribingJson object at 0x0000000004C49CC8>, <snowplow_tracker.self_describing_json.SelfDescribingJson object at 0x0000000004C42BC8>, <snowplow_tracker.self_describing_json.SelfDescribingJson object at 0x0000000004C49B48>]}
2021-11-09 19:09:29.898580 (MainThread): Partial parsing not enabled
2021-11-09 19:09:29.997580 (MainThread): Parsing macros\adapters.sql
2021-11-09 19:09:30.040580 (MainThread): Parsing macros\catalog.sql
2021-11-09 19:09:30.050580 (MainThread): Parsing macros\etc.sql
2021-11-09 19:09:30.053580 (MainThread): Parsing macros\materializations\copy.sql
2021-11-09 19:09:30.057580 (MainThread): Parsing macros\materializations\incremental.sql
2021-11-09 19:09:30.082580 (MainThread): Parsing macros\materializations\seed.sql
2021-11-09 19:09:30.086580 (MainThread): Parsing macros\materializations\snapshot.sql
2021-11-09 19:09:30.089580 (MainThread): Parsing macros\materializations\table.sql
2021-11-09 19:09:30.108580 (MainThread): Parsing macros\materializations\view.sql
2021-11-09 19:09:30.112580 (MainThread): Parsing macros\core.sql
2021-11-09 19:09:30.118580 (MainThread): Parsing macros\adapters\common.sql
2021-11-09 19:09:30.217580 (MainThread): Parsing macros\etc\datetime.sql
2021-11-09 19:09:30.230580 (MainThread): Parsing macros\etc\get_custom_alias.sql
2021-11-09 19:09:30.232580 (MainThread): Parsing macros\etc\get_custom_database.sql
2021-11-09 19:09:30.237580 (MainThread): Parsing macros\etc\get_custom_schema.sql
2021-11-09 19:09:30.242580 (MainThread): Parsing macros\etc\is_incremental.sql
2021-11-09 19:09:30.244580 (MainThread): Parsing macros\etc\query.sql
2021-11-09 19:09:30.246580 (MainThread): Parsing macros\etc\where_subquery.sql
2021-11-09 19:09:30.249580 (MainThread): Parsing macros\materializations\helpers.sql
2021-11-09 19:09:30.265580 (MainThread): Parsing macros\materializations\test.sql
2021-11-09 19:09:30.278580 (MainThread): Parsing macros\materializations\common\merge.sql
2021-11-09 19:09:30.308580 (MainThread): Parsing macros\materializations\incremental\helpers.sql
2021-11-09 19:09:30.311580 (MainThread): Parsing macros\materializations\incremental\incremental.sql
2021-11-09 19:09:30.329580 (MainThread): Parsing macros\materializations\incremental\on_schema_change.sql
2021-11-09 19:09:30.360580 (MainThread): Parsing macros\materializations\seed\seed.sql
2021-11-09 19:09:30.404580 (MainThread): Parsing macros\materializations\snapshot\snapshot.sql
2021-11-09 19:09:30.458580 (MainThread): Parsing macros\materializations\snapshot\snapshot_merge.sql
2021-11-09 19:09:30.460580 (MainThread): Parsing macros\materializations\snapshot\strategies.sql
2021-11-09 19:09:30.490580 (MainThread): Parsing macros\materializations\table\table.sql
2021-11-09 19:09:30.507580 (MainThread): Parsing macros\materializations\view\create_or_replace_view.sql
2021-11-09 19:09:30.514580 (MainThread): Parsing macros\materializations\view\view.sql
2021-11-09 19:09:30.526580 (MainThread): Parsing macros\schema_tests\accepted_values.sql
2021-11-09 19:09:30.529580 (MainThread): Parsing macros\schema_tests\not_null.sql
2021-11-09 19:09:30.532580 (MainThread): Parsing macros\schema_tests\relationships.sql
2021-11-09 19:09:30.536580 (MainThread): Parsing macros\schema_tests\unique.sql
2021-11-09 19:09:30.889580 (MainThread): Acquiring new bigquery connection "model.jaffle_shop.my_first_dbt_model".
2021-11-09 19:09:30.911580 (MainThread): Acquiring new bigquery connection "model.jaffle_shop.my_second_dbt_model".
2021-11-09 19:09:30.988580 (MainThread): [WARNING]: Configuration paths exist in your dbt_project.yml file which do not apply to any resources.
There are 1 unused configuration paths:
- models.jaffle-shop.example

2021-11-09 19:09:30.996580 (MainThread): Sending event: {'category': 'dbt', 'action': 'load_project', 'label': '371df0ac-13bd-454c-9e4a-30a084473457', 'context': [<snowplow_tracker.self_describing_json.SelfDescribingJson object at 0x00000000086B9A48>]}
2021-11-09 19:09:31.014580 (MainThread): Sending event: {'category': 'dbt', 'action': 'resource_counts', 'label': '371df0ac-13bd-454c-9e4a-30a084473457', 'context': [<snowplow_tracker.self_describing_json.SelfDescribingJson object at 0x000000000878E988>]}
2021-11-09 19:09:31.015580 (MainThread): Found 2 models, 4 tests, 0 snapshots, 0 analyses, 184 macros, 0 operations, 0 seed files, 0 sources, 0 exposures
2021-11-09 19:09:31.017580 (MainThread): 
2021-11-09 19:09:31.017580 (MainThread): Acquiring new bigquery connection "master".
2021-11-09 19:09:31.019580 (ThreadPoolExecutor-0_0): Acquiring new bigquery connection "list_dbt-tutorial-331521".
2021-11-09 19:09:31.020580 (ThreadPoolExecutor-0_0): Opening a new connection, currently in state init
2021-11-09 19:09:31.726580 (ThreadPoolExecutor-0_0): Acquiring new bigquery connection "create_dbt-tutorial-331521_dbt_brooke".
2021-11-09 19:09:31.727580 (ThreadPoolExecutor-0_0): Acquiring new bigquery connection "create_dbt-tutorial-331521_dbt_brooke".
2021-11-09 19:09:31.727580 (ThreadPoolExecutor-0_0): Creating schema "dbt-tutorial-331521.dbt_brooke".
2021-11-09 19:09:31.727580 (ThreadPoolExecutor-0_0): Opening a new connection, currently in state closed
2021-11-09 19:09:31.734580 (ThreadPoolExecutor-0_0): Client.dataset is deprecated and will be removed in a future version. Use a string like 'my_project.my_dataset' or a cloud.google.bigquery.DatasetReference object, instead.
2021-11-09 19:09:32.536580 (ThreadPoolExecutor-1_0): Acquiring new bigquery connection "list_dbt-tutorial-331521_dbt_brooke".
2021-11-09 19:09:32.537580 (ThreadPoolExecutor-1_0): Opening a new connection, currently in state init
2021-11-09 19:09:32.544580 (ThreadPoolExecutor-1_0): Client.dataset is deprecated and will be removed in a future version. Use a string like 'my_project.my_dataset' or a cloud.google.bigquery.DatasetReference object, instead.
2021-11-09 19:09:33.093580 (MainThread): 13:09:33 | Concurrency: 1 threads (target='dev')
2021-11-09 19:09:33.094580 (MainThread): 13:09:33 | 
2021-11-09 19:09:33.124580 (Thread-1): Began running node model.jaffle_shop.my_first_dbt_model
2021-11-09 19:09:33.125580 (Thread-1): 13:09:33 | 1 of 2 START table model dbt_brooke.my_first_dbt_model............... [RUN]
2021-11-09 19:09:33.127580 (Thread-1): Acquiring new bigquery connection "model.jaffle_shop.my_first_dbt_model".
2021-11-09 19:09:33.129580 (Thread-1): Compiling model.jaffle_shop.my_first_dbt_model
2021-11-09 19:09:33.141580 (Thread-1): unclosed <socket.socket fd=668, family=AddressFamily.AF_INET, type=SocketKind.SOCK_STREAM, proto=0, laddr=('192.168.180.128', 58449), raddr=('142.251.32.10', 443)>
2021-11-09 19:09:33.142580 (Thread-1): unclosed <socket.socket fd=692, family=AddressFamily.AF_INET, type=SocketKind.SOCK_STREAM, proto=0, laddr=('192.168.180.128', 58450), raddr=('142.250.190.10', 443)>
2021-11-09 19:09:33.157580 (Thread-1): Writing injected SQL for node "model.jaffle_shop.my_first_dbt_model"
2021-11-09 19:09:33.190580 (Thread-1): finished collecting timing info
2021-11-09 19:09:33.277580 (Thread-1): Writing runtime SQL for node "model.jaffle_shop.my_first_dbt_model"
2021-11-09 19:09:33.298580 (Thread-1): Opening a new connection, currently in state init
2021-11-09 19:09:33.309580 (Thread-1): On model.jaffle_shop.my_first_dbt_model: /* {"app": "dbt", "dbt_version": "0.21.0", "profile_name": "jaffle-shop", "target_name": "dev", "node_id": "model.jaffle_shop.my_first_dbt_model"} */


  create or replace table `dbt-tutorial-331521`.`dbt_brooke`.`my_first_dbt_model`
  
  
  OPTIONS()
  as (
    /*
    Welcome to your first dbt model!
    Did you know that you can also configure models directly within SQL files?
    This will override configurations stated in dbt_project.yml

    Try changing "table" to "view" below
*/



with source_data as (

    select 1 as id
    union all
    select null as id

)

select *
from source_data

/*
    Uncomment the line below to remove records with null `id` values
*/

-- where id is not null
  );
    
2021-11-09 19:09:36.133580 (Thread-1): finished collecting timing info
2021-11-09 19:09:36.134580 (Thread-1): Sending event: {'category': 'dbt', 'action': 'run_model', 'label': '371df0ac-13bd-454c-9e4a-30a084473457', 'context': [<snowplow_tracker.self_describing_json.SelfDescribingJson object at 0x00000000087A7C88>]}
2021-11-09 19:09:36.134580 (Thread-1): 13:09:36 | 1 of 2 OK created table model dbt_brooke.my_first_dbt_model.......... [CREATE TABLE (2.0 rows, 0.0 Bytes processed) in 3.01s]
2021-11-09 19:09:36.136580 (Thread-1): Finished running node model.jaffle_shop.my_first_dbt_model
2021-11-09 19:09:36.137580 (Thread-1): Began running node model.jaffle_shop.my_second_dbt_model
2021-11-09 19:09:36.138580 (Thread-1): 13:09:36 | 2 of 2 START view model dbt_brooke.my_second_dbt_model............... [RUN]
2021-11-09 19:09:36.139580 (Thread-1): Acquiring new bigquery connection "model.jaffle_shop.my_second_dbt_model".
2021-11-09 19:09:36.139580 (Thread-1): Compiling model.jaffle_shop.my_second_dbt_model
2021-11-09 19:09:36.140580 (Thread-1): unclosed <socket.socket fd=856, family=AddressFamily.AF_INET, type=SocketKind.SOCK_STREAM, proto=0, laddr=('192.168.180.128', 58457), raddr=('142.251.32.10', 443)>
2021-11-09 19:09:36.140580 (Thread-1): unclosed <socket.socket fd=868, family=AddressFamily.AF_INET, type=SocketKind.SOCK_STREAM, proto=0, laddr=('192.168.180.128', 58458), raddr=('142.250.190.10', 443)>
2021-11-09 19:09:36.144580 (Thread-1): Writing injected SQL for node "model.jaffle_shop.my_second_dbt_model"
2021-11-09 19:09:36.150580 (Thread-1): finished collecting timing info
2021-11-09 19:09:36.179580 (Thread-1): Writing runtime SQL for node "model.jaffle_shop.my_second_dbt_model"
2021-11-09 19:09:36.184580 (Thread-1): Opening a new connection, currently in state closed
2021-11-09 19:09:36.190580 (Thread-1): On model.jaffle_shop.my_second_dbt_model: /* {"app": "dbt", "dbt_version": "0.21.0", "profile_name": "jaffle-shop", "target_name": "dev", "node_id": "model.jaffle_shop.my_second_dbt_model"} */


  create or replace view `dbt-tutorial-331521`.`dbt_brooke`.`my_second_dbt_model`
  OPTIONS()
  as -- Use the `ref` function to select from other models

select *
from `dbt-tutorial-331521`.`dbt_brooke`.`my_first_dbt_model`
where id = 1;


2021-11-09 19:09:37.433580 (Thread-1): finished collecting timing info
2021-11-09 19:09:37.434580 (Thread-1): Sending event: {'category': 'dbt', 'action': 'run_model', 'label': '371df0ac-13bd-454c-9e4a-30a084473457', 'context': [<snowplow_tracker.self_describing_json.SelfDescribingJson object at 0x0000000008830F48>]}
2021-11-09 19:09:37.434580 (Thread-1): 13:09:37 | 2 of 2 OK created view model dbt_brooke.my_second_dbt_model.......... [OK in 1.29s]
2021-11-09 19:09:37.435580 (Thread-1): Finished running node model.jaffle_shop.my_second_dbt_model
2021-11-09 19:09:37.530580 (MainThread): Acquiring new bigquery connection "master".
2021-11-09 19:09:37.531580 (MainThread): 13:09:37 | 
2021-11-09 19:09:37.531580 (MainThread): 13:09:37 | Finished running 1 table model, 1 view model in 6.51s.
2021-11-09 19:09:37.532580 (MainThread): Connection 'master' was properly closed.
2021-11-09 19:09:37.532580 (MainThread): Connection 'create_dbt-tutorial-331521_dbt_brooke' was properly closed.
2021-11-09 19:09:37.532580 (MainThread): Connection 'list_dbt-tutorial-331521_dbt_brooke' was properly closed.
2021-11-09 19:09:37.532580 (MainThread): Connection 'model.jaffle_shop.my_second_dbt_model' was properly closed.
2021-11-09 19:09:37.533580 (MainThread): unclosed <socket.socket fd=924, family=AddressFamily.AF_INET, type=SocketKind.SOCK_STREAM, proto=0, laddr=('192.168.180.128', 58459), raddr=('142.251.32.10', 443)>
2021-11-09 19:09:37.534580 (MainThread): unclosed <socket.socket fd=936, family=AddressFamily.AF_INET, type=SocketKind.SOCK_STREAM, proto=0, laddr=('192.168.180.128', 58460), raddr=('142.250.190.10', 443)>
2021-11-09 19:09:37.544580 (MainThread): 
2021-11-09 19:09:37.545580 (MainThread): Completed successfully
2021-11-09 19:09:37.547580 (MainThread): 
Done. PASS=2 WARN=0 ERROR=0 SKIP=0 TOTAL=2
2021-11-09 19:09:37.550580 (MainThread): Sending event: {'category': 'dbt', 'action': 'invocation', 'label': 'end', 'context': [<snowplow_tracker.self_describing_json.SelfDescribingJson object at 0x00000000089C63C8>, <snowplow_tracker.self_describing_json.SelfDescribingJson object at 0x0000000008826E08>, <snowplow_tracker.self_describing_json.SelfDescribingJson object at 0x00000000087B11C8>]}
2021-11-09 19:09:37.550580 (MainThread): Flushing usage events
